<?xml version="1.0" encoding="UTF-8" ?>
<testsuite tests="37" failures="0" name="music.util.validation.DataValidationTest" time="0.019" errors="0" skipped="0">
  <properties>
[...]
</properties>
  <testcase classname="music.util.validation.DataValidationTest" name="isNotCorrectPasswordTest[0: &lt;empty string&gt;]" time="0.001"/>
  <testcase classname="music.util.validation.DataValidationTest" name="isNotCorrectPasswordTest[1: QQww112]" time="0"/>
  <testcase classname="music.util.validation.DataValidationTest" name="isNotCorrectPasswordTest[2: kjhgfd123456]" time="0"/>
  <testcase classname="music.util.validation.DataValidationTest" name="isNotCorrectPasswordTest[3: !!!qwerR]" time="0"/>
  <testcase classname="music.util.validation.DataValidationTest" name="isNotCorrectPasswordTest[4: 12345678]" time="0"/>
  <testcase classname="music.util.validation.DataValidationTest" name="isNotCorrectPasswordTest[5: qwertyui]" time="0"/>
  <testcase classname="music.util.validation.DataValidationTest" name="isNotCorrectPasswordTest[6: QWERtyui]" time="0"/>
  <testcase classname="music.util.validation.DataValidationTest" name="isCorrectPasswordTest[0: QQww1122]" time="0"/>
  <testcase classname="music.util.validation.DataValidationTest" name="isCorrectPasswordTest[1: FFhowh67hjF]" time="0.001"/>
  <testcase classname="music.util.validation.DataValidationTest" name="isCorrectPasswordTest[2: Foiej34jjF]" time="0.001"/>
  <testcase classname="music.util.validation.DataValidationTest" name="isCorrectPasswordTest[3: ASDFs1234]" time="0.003"/>
  <testcase classname="music.util.validation.DataValidationTest" name="isNotCorrectEmailTest[0: &lt;empty string&gt;]" time="0.001"/>
  <testcase classname="music.util.validation.DataValidationTest" name="isNotCorrectEmailTest[1: olga.com]" time="0.004"/>
  <testcase classname="music.util.validation.DataValidationTest" name="isNotCorrectEmailTest[2: kokos@gmail]" time="0"/>
  <testcase classname="music.util.validation.DataValidationTest" name="isNotCorrectEmailTest[3: .@gmail.com]" time="0"/>
  <testcase classname="music.util.validation.DataValidationTest" name="isNotCorrectEmailTest[4: sad@mail.]" time="0"/>
  <testcase classname="music.util.validation.DataValidationTest" name="isNotCorrectLoginTest[0: &lt;empty string&gt;]" time="0.003"/>
  <testcase classname="music.util.validation.DataValidationTest" name="isNotCorrectLoginTest[1: a]" time="0"/>
  <testcase classname="music.util.validation.DataValidationTest" name="isNotCorrectLoginTest[2: sdkfjdsflkfj dslfjslskfhlkshflaskjfhalkfh]" time="0"/>
  <testcase classname="music.util.validation.DataValidationTest" name="isNotCorrectLoginTest[3: sf df]" time="0"/>
  <testcase classname="music.util.validation.DataValidationTest" name="isNotCorrectLoginTest[4: natasha!!!]" time="0"/>
  <testcase classname="music.util.validation.DataValidationTest" name="isCorrectEmailTest[0: natallia.yurush@gmail.com]" time="0"/>
  <testcase classname="music.util.validation.DataValidationTest" name="isCorrectEmailTest[1: nika.koko@yandex.ru]" time="0"/>
  <testcase classname="music.util.validation.DataValidationTest" name="isCorrectEmailTest[2: kokosik@mail.ru]" time="0"/>
  <testcase classname="music.util.validation.DataValidationTest" name="isCorrectLoginTest[0: natasha]" time="0"/>
  <testcase classname="music.util.validation.DataValidationTest" name="isCorrectLoginTest[1: natallia-yurush]" time="0"/>
  <testcase classname="music.util.validation.DataValidationTest" name="isCorrectLoginTest[2: natallia.yurush]" time="0"/>
  <testcase classname="music.util.validation.DataValidationTest" name="isCorrectLoginTest[3: natallia_yurush]" time="0.002"/>
  <testcase classname="music.util.validation.DataValidationTest" name="isCorrectNameTest[0: natasha]" time="0"/>
  <testcase classname="music.util.validation.DataValidationTest" name="isCorrectNameTest[1: Natallia]" time="0.001"/>
  <testcase classname="music.util.validation.DataValidationTest" name="isCorrectNameTest[2: Yurush]" time="0"/>
  <testcase classname="music.util.validation.DataValidationTest" name="isNotCorrectNameTest[0: &lt;empty string&gt;]" time="0.001"/>
  <testcase classname="music.util.validation.DataValidationTest" name="isNotCorrectNameTest[1: A]" time="0"/>
  <testcase classname="music.util.validation.DataValidationTest" name="isNotCorrectNameTest[2: sdkfjdsflkfj dslfjslskfhlkshflaskjfhalkfh]" time="0.001"/>
  <testcase classname="music.util.validation.DataValidationTest" name="isNotCorrectNameTest[3: 1234]" time="0"/>
  <testcase classname="music.util.validation.DataValidationTest" name="isNotCorrectNameTest[4: natasha!!!]" time="0"/>
  <testcase classname="music.util.validation.DataValidationTest" name="isNotCorrectNameTest[5: asdf123]" time="0"/>
</testsuite>